PRT1
19
39
4 0 3 (896 0 64 ) (0 0 64 ) (0 0 -1064 ) (896 0 -1064 ) 
4 0 1 (0 0 -1064 ) (0 0 64 ) (0 551.226013 64 ) (0 551.226013 -1064 ) 
4 1 8 (0 0 -1064 ) (0 0 -1062 ) (-1024 0 -1062 ) (-1024 0 -1064 ) 
4 1 6 (-528 0 64 ) (-1024 0 64 ) (-1024 0 -1062 ) (-528 0 -1062 ) 
4 1 5 (0 0 -1062 ) (0 0 64 ) (-528 0 64 ) (-528 0 -1062 ) 
4 1 2 (-1024 0 -1064 ) (-1024 0 64 ) (-1024 551.226013 64 ) (-1024 551.226013 -1064 ) 
4 2 9 (-1024 0 -1064 ) (-1024 0 64 ) (-1088 0 64 ) (-1088 0 -1064 ) 
4 3 8 (0 0 -1062 ) (0 0 -1064 ) (0 -1024 -1064 ) (0 -1024 -1062 ) 
4 3 5 (0 0 64 ) (0 0 -1062 ) (0 -1024 -1062 ) (0 -1024 64 ) 
4 3 4 (896 -1024 64 ) (0 -1024 64 ) (0 -1024 -1064 ) (896 -1024 -1064 ) 
4 4 15 (0 -1095.229980 64 ) (0 -1089 64 ) (0 -1089 -1064 ) (0 -1095.229980 -1064 ) 
4 4 12 (0 -1089 64 ) (0 -1024 64 ) (0 -1024 -1064 ) (0 -1089 -1064 ) 
4 5 12 (0 -1024 -1062 ) (0 -1024 64 ) (-528 -1024 64 ) (-528 -1024 -1062 ) 
4 5 8 (0 -1024 -1062 ) (-528 -1024 -1062 ) (-528 0 -1062 ) (0 0 -1062 ) 
4 5 7 (-528 -1024 -802 ) (-528 -1024 64 ) (-528 -773 64 ) (-528 -773 -802 ) 
4 5 6 (-528 0 -1062 ) (-528 -773 -1062 ) (-528 -773 64 ) (-528 0 64 ) 
4 6 9 (-1024 0 64 ) (-1024 0 -1062 ) (-1024 -773 -1062 ) (-1024 -773 64 ) 
4 6 8 (-1024 -773 -1062 ) (-1024 0 -1062 ) (-528 0 -1062 ) (-528 -773 -1062 ) 
4 6 7 (-528 -773 -802 ) (-528 -773 64 ) (-1024 -773 64 ) (-1024 -773 -802 ) 
4 7 13 (-528 -1024 64 ) (-1024 -1024 64 ) (-1024 -1024 -802 ) (-528 -1024 -802 ) 
4 7 10 (-1024 -1024 -802 ) (-1024 -1024 64 ) (-1024 -773 64 ) (-1024 -773 -802 ) 
4 8 14 (-528 -1024 -1062 ) (-1024 -1024 -1062 ) (-1024 -1024 -1064 ) (-528 -1024 -1064 ) 
4 8 12 (0 -1024 -1064 ) (0 -1024 -1062 ) (-528 -1024 -1062 ) (-528 -1024 -1064 ) 
4 8 11 (-1024 -773 -1064 ) (-1024 -1024 -1064 ) (-1024 -1024 -1062 ) (-1024 -773 -1062 ) 
4 8 9 (-1024 0 -1062 ) (-1024 0 -1064 ) (-1024 -773 -1064 ) (-1024 -773 -1062 ) 
4 9 10 (-1088 -773 64 ) (-1088 -773 -802 ) (-1024 -773 -802 ) (-1024 -773 64 ) 
4 9 11 (-1088 -773 -1062 ) (-1088 -773 -1064 ) (-1024 -773 -1064 ) (-1024 -773 -1062 ) 
4 10 16 (-1024 -1024 -802 ) (-1024 -1024 64 ) (-1088 -1024 64 ) (-1088 -1024 -802 ) 
4 11 17 (-1024 -1024 -1064 ) (-1024 -1024 -1062 ) (-1088 -1024 -1062 ) (-1088 -1024 -1064 ) 
4 12 15 (-528 -1089 -1064 ) (0 -1089 -1064 ) (0 -1089 64 ) (-528 -1089 64 ) 
4 12 13 (-528 -1089 -802 ) (-528 -1089 64 ) (-528 -1024 64 ) (-528 -1024 -802 ) 
4 12 14 (-528 -1024 -1064 ) (-528 -1089 -1064 ) (-528 -1089 -1062 ) (-528 -1024 -1062 ) 
4 13 16 (-1024 -1024 64 ) (-1024 -1024 -802 ) (-1024 -1089 -802 ) (-1024 -1089 64 ) 
4 13 15 (-528 -1089 -802 ) (-528 -1089 64 ) (-1024 -1089 64 ) (-1024 -1089 -802 ) 
4 14 17 (-1024 -1024 -1062 ) (-1024 -1024 -1064 ) (-1024 -1089 -1064 ) (-1024 -1089 -1062 ) 
4 14 15 (-1024 -1089 -1064 ) (-528 -1089 -1064 ) (-528 -1089 -1062 ) (-1024 -1089 -1062 ) 
4 15 18 (-1024 -1089 -1064 ) (-1024 -1095.229980 -1064 ) (-1024 -1095.229980 64 ) (-1024 -1089 64 ) 
4 16 18 (-1088 -1089 64 ) (-1088 -1089 -802 ) (-1024 -1089 -802 ) (-1024 -1089 64 ) 
4 17 18 (-1088 -1089 -1062 ) (-1088 -1089 -1064 ) (-1024 -1089 -1064 ) (-1024 -1089 -1062 ) 
