


Using shader api: shaderapiempty.dll
materialPath: C:\Program Files (x86)\Steam\steamapps\common\Portal 2\Project-Irogo\materials
Loading C:\Program Files (x86)\Steam\steamapps\common\Portal 2\Project-Irogo\maps\MyFirstMap.vmf
ConVarRef gpu_level doesn't point to an existing ConVar
fixing up env_cubemap materials on brush sides...
0...1...2...3...4...5...6...7...8...9...100...1...2...3...4...5...6...7...8...9...10Processing areas...done (0)
Building Faces...done (0)
FixTjuncs...
PruneNodes...
WriteBSP...
done (0)
writing C:\Program Files (x86)\Steam\steamapps\common\Portal 2\Project-Irogo\maps\MyFirstMap.prt...Building visibility clusters...
done (0)
Finding displacement neighbors...
Finding lightmap sample positions...
Displacement Alpha : 0...1...2...3...4...5...6...7...8...9...10
Building Physics collision data...
done (0) (2686 bytes)
Placing detail props : 0...1...2...3...4...5...6...7...8...9...10
Compacting texture/material tables...
Reduced 6 texinfos to 6
Reduced 2 texdatas to 2 (70 bytes to 70)
Writing C:\Program Files (x86)\Steam\steamapps\common\Portal 2\Project-Irogo\maps\MyFirstMap.bsp

nummapplanes:     (    56 / 65536 )
nummapbrushes:    (     7 /  8192 )
nummapbrushsides: (    42 / 65536 )
num_map_overlays: (     0 /   512 )
nummodels:        (     1 /  1024 )
num_entities:     (     6 / 16384 )

0 seconds elapsed



8 threads
reading c:\program files (x86)\steam\steamapps\common\portal 2\project-irogo\maps\MyFirstMap.bsp
reading c:\program files (x86)\steam\steamapps\common\portal 2\project-irogo\maps\MyFirstMap.prt
  19 portalclusters
  39 numportals
0...1...2...3...4...5...6...7...8...9...100...1...2...3...4...5...6...7...8...9...10Optimized: 0 visible clusters (0.00%)
Total clusters visible: 337
Average clusters visible: 17
Building PAS...
Average clusters audible: 19
visdatasize:270  compressed from 304
writing c:\program files (x86)\steam\steamapps\common\portal 2\project-irogo\maps\MyFirstMap.bsp
0 seconds elapsed



[Reading texlights from 'lights.rad']
[59 texlights parsed from 'lights.rad']

Loading c:\program files (x86)\steam\steamapps\common\portal 2\project-irogo\maps\MyFirstMap.bsp
161 faces
106726 square feet [15368568.00 square inches]
0 Displacements
0 Square Feet [0.00 Square Inches]
161 patches before subdivision
9579 patches after subdivision
0 direct lights
0...1...2...3...4...5...6...7...8...9...100...1...2...3...4...5...6...7...8...9...10transfers 1321068, max 331
transfer lists:  10.1 megs
0...1...2...3...4...5...6...7...8...9...10	Bounce #1 added RGB(0, 0, 0)
Build Patch/Sample Hash Table(s).....Done<0.0023 sec>
0...1...2...3...4...5...6...7...8...9...10FinalLightFace Done
0 of 0 (0% of) surface lights went in leaf ambient cubes.
0...1...2...3...4...5...6...7...8...9...10Writing leaf ambient...done
Ready to Finish

Object names       Objects/Maxobjs  Memory / Maxmem  Fullness 
------------       ---------------  ---------------  -------- 
models                   1/1024           48/49152    ( 0.1%) 
brushes                  7/8192           84/98304    ( 0.1%) 
brushsides              42/65536         336/524288   ( 0.1%) 
planes                  56/65536        1120/1310720  ( 0.1%) 
vertexes               200/65536        2400/786432   ( 0.3%) 
nodes                   64/65536        2048/2097152  ( 0.1%) 
texinfos                 6/12288         432/884736   ( 0.0%) 
texdata                  2/2048           64/65536    ( 0.1%) 
dispinfos                0/0               0/0        ( 0.0%) 
disp_verts               0/0               0/0        ( 0.0%) 
disp_tris                0/0               0/0        ( 0.0%) 
disp_multiblend          0/0               0/0        ( 0.0%) 
disp_lmsamples           0/0               0/0        ( 0.0%) 
faces                  161/65536        9016/3670016  ( 0.2%) 
hdr faces                0/65536           0/3670016  ( 0.0%) 
origfaces               11/65536         616/3670016  ( 0.0%) 
facebrushes              0/0               0/0        ( 0.0%) 
facebrushlists         161/0             644/0        ( 0.0%) 
leaves                  66/65536        2112/2097152  ( 0.1%) 
leaffaces              199/65536         398/131072   ( 0.3%) 
leafbrushes             34/65536          68/131072   ( 0.1%) 
areas                    2/256            16/2048     ( 0.8%) 
surfedges              720/512000       2880/2048000  ( 0.1%) 
edges                  375/256000       1500/1024000  ( 0.1%) 
LDR worldlights          0/8192            0/819200   ( 0.0%) 
HDR worldlights          0/8192            0/819200   ( 0.0%) 
leafwaterdata            0/32768           0/393216   ( 0.0%) 
waterstrips              0/32768           0/327680   ( 0.0%) 
waterverts               0/65536           0/786432   ( 0.0%) 
waterindices             0/65536           0/131072   ( 0.0%) 
cubemapsamples           0/1024            0/16384    ( 0.0%) 
overlays                 0/512             0/180224   ( 0.0%) 
LDR lightdata         [variable]     1127316/0        ( 0.0%) 
HDR lightdata         [variable]           0/0        ( 0.0%) 
visdata               [variable]         270/16777216 ( 0.0%) 
entdata               [variable]        1268/393216   ( 0.3%) 
LDR ambient table       66/65536         264/262144   ( 0.1%) 
HDR ambient table       66/65536         264/262144   ( 0.1%) 
LDR leaf ambient        19/65536         532/1835008  ( 0.0%) 
HDR leaf ambient        66/65536        1848/1835008  ( 0.1%) 
occluders                0/0               0/0        ( 0.0%) 
occluder polygons        0/0               0/0        ( 0.0%) 
occluder vert ind        0/0               0/0        ( 0.0%) 
detail props          [variable]           1/12       ( 8.3%) 
static props          [variable]           1/12       ( 8.3%) 
pakfile               [variable]       74438/0        ( 0.0%) 
physics               [variable]        2686/4194304  ( 0.1%) 
physics terrain       [variable]           2/1048576  ( 0.0%) 

Level flags = 1

Total triangle count: 354
Writing c:\program files (x86)\steam\steamapps\common\portal 2\project-irogo\maps\MyFirstMap.bsp
0 seconds elapsed
