PRT1
25
56
4 0 2 (1024 0 64 ) (1024 0 376 ) (1024 64 376 ) (1024 64 64 ) 
4 0 1 (1344 0 376 ) (1024 0 376 ) (1024 0 64 ) (1344 0 64 ) 
4 1 12 (1024 -320 376 ) (1024 0 376 ) (1024 0 64 ) (1024 -320 64 ) 
4 2 12 (1024 0 64 ) (1024 0 376 ) (576 0 376 ) (576 0 64 ) 
4 3 13 (0 0 640 ) (0 0 64 ) (512 0 64 ) (512 0 640 ) 
4 3 9 (0 0 64 ) (0 0 128 ) (0 320 128 ) (0 320 64 ) 
4 3 8 (0 0 128 ) (0 0 192 ) (0 320 192 ) (0 320 128 ) 
4 3 7 (0 0 192 ) (0 0 640 ) (0 320 640 ) (0 320 192 ) 
4 3 6 (0 0 64 ) (0 128 64 ) (512 128 64 ) (512 0 64 ) 
4 3 4 (0 128 64 ) (0 320 64 ) (512 320 64 ) (512 128 64 ) 
4 4 11 (0 320 0 ) (0 320 -3968 ) (0 128 -3968 ) (0 128 0 ) 
4 4 10 (0 128 64 ) (0 320 64 ) (0 320 0 ) (0 128 0 ) 
4 4 5 (512 128 -3968 ) (576 128 -3968 ) (576 128 0 ) (512 128 0 ) 
4 4 6 (0 128 -3968 ) (512 128 -3968 ) (512 128 64 ) (0 128 64 ) 
4 5 17 (576 0 0 ) (512 0 0 ) (512 0 -3968 ) (576 0 -3968 ) 
4 5 6 (512 128 0 ) (512 128 -3968 ) (512 0 -3968 ) (512 0 0 ) 
4 6 18 (512 0 64 ) (0 0 64 ) (0 0 -3968 ) (512 0 -3968 ) 
4 6 11 (0 0 -3968 ) (0 0 0 ) (0 128 0 ) (0 128 -3968 ) 
4 6 10 (0 0 0 ) (0 0 64 ) (0 128 64 ) (0 128 0 ) 
4 7 20 (0 0 192 ) (0 0 640 ) (-576 0 640 ) (-576 0 192 ) 
4 7 8 (-512 320 192 ) (0 320 192 ) (0 0 192 ) (-512 0 192 ) 
4 8 21 (0 0 128 ) (0 0 192 ) (-512 0 192 ) (-512 0 128 ) 
4 8 9 (0 0 128 ) (-448 0 128 ) (-448 320 128 ) (0 320 128 ) 
4 9 22 (0 0 64 ) (0 0 128 ) (-448 0 128 ) (-448 0 64 ) 
4 9 10 (0 320 64 ) (0 0 64 ) (-448 0 64 ) (-448 320 64 ) 
4 10 23 (0 0 0 ) (0 0 64 ) (-639 0 64 ) (-639 0 0 ) 
4 10 11 (0 320 0 ) (0 0 0 ) (-624 0 0 ) (-624 320 0 ) 
4 11 24 (0 0 -3968 ) (0 0 0 ) (-624 0 0 ) (-624 0 -3968 ) 
4 12 14 (576 -64 64 ) (576 -192 64 ) (576 -192 256 ) (576 -64 256 ) 
4 13 22 (0 0 128 ) (0 0 64 ) (0 -64 64 ) (0 -64 128 ) 
4 13 21 (0 0 192 ) (0 0 128 ) (0 -64 128 ) (0 -64 192 ) 
4 13 20 (0 0 640 ) (0 0 192 ) (0 -64 192 ) (0 -64 640 ) 
4 13 18 (0 -64 64 ) (0 0 64 ) (512 0 64 ) (512 -64 64 ) 
4 13 15 (0 -64 64 ) (512 -64 64 ) (512 -64 640 ) (0 -64 640 ) 
4 14 15 (512 -64 256 ) (512 -64 64 ) (512 -192 64 ) (512 -192 256 ) 
4 15 22 (0 -64 64 ) (0 -192 64 ) (0 -192 128 ) (0 -64 128 ) 
4 15 21 (0 -192 128 ) (0 -192 192 ) (0 -64 192 ) (0 -64 128 ) 
4 15 20 (0 -192 192 ) (0 -192 640 ) (0 -64 640 ) (0 -64 192 ) 
4 15 18 (0 -192 64 ) (0 -64 64 ) (512 -64 64 ) (512 -192 64 ) 
4 15 16 (0 -192 64 ) (512 -192 64 ) (512 -192 640 ) (0 -192 640 ) 
4 16 22 (0 -192 64 ) (0 -512 64 ) (0 -512 128 ) (0 -192 128 ) 
4 16 21 (0 -512 128 ) (0 -512 192 ) (0 -192 192 ) (0 -192 128 ) 
4 16 20 (0 -512 192 ) (0 -512 640 ) (0 -192 640 ) (0 -192 192 ) 
4 16 19 (0 -512 64 ) (0 -384 64 ) (512 -384 64 ) (512 -512 64 ) 
4 16 18 (0 -384 64 ) (0 -192 64 ) (512 -192 64 ) (512 -384 64 ) 
4 17 19 (512 -384 -3968 ) (576 -384 -3968 ) (576 -384 0 ) (512 -384 0 ) 
4 17 18 (512 0 -3968 ) (512 -384 -3968 ) (512 -384 0 ) (512 0 0 ) 
4 18 24 (0 0 0 ) (0 0 -3968 ) (0 -384 -3968 ) (0 -384 0 ) 
4 18 23 (0 0 64 ) (0 0 0 ) (0 -384 0 ) (0 -384 64 ) 
4 18 19 (0 -384 -3968 ) (512 -384 -3968 ) (512 -384 64 ) (0 -384 64 ) 
4 19 24 (0 -384 -3968 ) (0 -512 -3968 ) (0 -512 0 ) (0 -384 0 ) 
4 19 23 (0 -512 0 ) (0 -512 64 ) (0 -384 64 ) (0 -384 0 ) 
4 20 21 (0 -512 192 ) (-512 -512 192 ) (-512 0 192 ) (0 0 192 ) 
4 21 22 (0 -512 128 ) (-448 -512 128 ) (-448 0 128 ) (0 0 128 ) 
4 22 23 (-448 0 64 ) (0 0 64 ) (0 -512 64 ) (-448 -512 64 ) 
4 23 24 (-624 0 0 ) (0 0 0 ) (0 -512 0 ) (-624 -512 0 ) 
