PRT1
23
70
4 0 20 (256 0 160 ) (256 0 32 ) (608 0 32 ) (608 0 160 ) 
4 0 12 (256 136 32 ) (256 88 32 ) (256 88 140 ) (256 136 140 ) 
4 1 19 (0 300 32 ) (0 300 160 ) (0 303.500000 160 ) (0 303.500000 32 ) 
4 1 10 (28 300 32 ) (32 300 32 ) (32 300 76 ) (28 300 76 ) 
4 1 11 (0 300 128 ) (0 300 32 ) (28 300 32 ) (28 300 128 ) 
4 1 9 (32 300 32 ) (112 300 32 ) (112 300 76 ) (32 300 76 ) 
4 1 7 (112 300 80 ) (112 300 128 ) (32 300 128 ) (32 300 80 ) 
4 1 6 (112 300 32 ) (116 300 32 ) (116 300 76 ) (112 300 76 ) 
4 1 5 (116 300 32 ) (224 300 32 ) (224 300 128 ) (116 300 128 ) 
4 1 3 (116 300 160 ) (28 300 160 ) (28 300 132 ) (116 300 132 ) 
4 1 2 (224 300 160 ) (116 300 160 ) (116 300 128 ) (224 300 128 ) 
4 1 4 (28 300 160 ) (0 300 160 ) (0 300 128 ) (28 300 128 ) 
4 2 13 (224 292 160 ) (116 292 160 ) (116 292 128 ) (224 292 128 ) 
4 2 5 (224 292 128 ) (116 292 128 ) (116 300 128 ) (224 300 128 ) 
4 2 3 (116 300 160 ) (116 300 132 ) (116 292 132 ) (116 292 160 ) 
4 3 13 (116 292 160 ) (28 292 160 ) (28 292 132 ) (116 292 132 ) 
4 3 4 (28 300 160 ) (28 300 132 ) (28 292 132 ) (28 292 160 ) 
4 4 19 (0 292 128 ) (0 292 160 ) (0 300 160 ) (0 300 128 ) 
4 4 13 (28 292 160 ) (0 292 160 ) (0 292 128 ) (28 292 128 ) 
4 4 11 (28 292 128 ) (0 292 128 ) (0 300 128 ) (28 300 128 ) 
5 5 15 (116 292 68.834526 ) (116 292 43.987865 ) (160.739288 292 32 ) (224 292 32 ) (224 292 39.896034 ) 
3 5 14 (116 292 43.987865 ) (116 292 32 ) (160.739288 292 32 ) 
4 5 13 (224 292 128 ) (116 292 128 ) (116 292 68.834526 ) (224 292 39.896034 ) 
4 5 6 (116 300 32 ) (116 292 32 ) (116 292 76 ) (116 300 76 ) 
4 6 15 (112 292 69.906319 ) (112 292 45.059662 ) (116 292 43.987865 ) (116 292 68.834526 ) 
4 6 14 (112 292 45.059662 ) (112 292 32 ) (116 292 32 ) (116 292 43.987865 ) 
4 6 13 (112 292 76 ) (112 292 69.906319 ) (116 292 68.834526 ) (116 292 76 ) 
4 6 9 (112 292 32 ) (112 292 76 ) (112 300 76 ) (112 300 32 ) 
4 7 8 (32 293 128 ) (32 293 80 ) (112 293 80 ) (112 293 128 ) 
4 8 17 (32 292 91.342239 ) (32 292 80 ) (42.894199 292 80 ) (45 292 87.858902 ) 
3 8 15 (42.894199 292 80 ) (74.329865 292 80 ) (45 292 87.858902 ) 
5 8 13 (112 292 80 ) (112 292 128 ) (32 292 128 ) (32 292 91.342239 ) (74.329865 292 80 ) 
4 9 17 (41.822392 292 76 ) (32 292 76 ) (32 292 66.495621 ) (38.788300 292 64.676697 ) 
5 9 15 (112 292 45.059666 ) (112 292 69.906311 ) (89.258049 292 76 ) (41.822392 292 76 ) (38.788300 292 64.676697 ) 
4 9 14 (112 292 32 ) (112 292 45.059666 ) (32 292 66.495621 ) (32 292 32 ) 
3 9 13 (112 292 69.906311 ) (112 292 76 ) (89.258049 292 76 ) 
4 9 10 (32 292 32 ) (32 292 76 ) (32 300 76 ) (32 300 32 ) 
4 10 17 (32 292 66.495621 ) (32 292 76 ) (28 292 76 ) (28 292 67.567421 ) 
4 10 14 (32 292 32 ) (32 292 66.495621 ) (28 292 67.567421 ) (28 292 32 ) 
4 10 11 (28 300 32 ) (28 292 32 ) (28 292 76 ) (28 300 76 ) 
4 11 19 (0 292 32 ) (0 292 128 ) (0 300 128 ) (0 300 32 ) 
3 11 17 (23.333502 292 68.817810 ) (28 292 67.567421 ) (28 292 86.233276 ) 
5 11 16 (0 292 99.916611 ) (0 292 75.070007 ) (23.333502 292 68.817810 ) (28 292 86.233276 ) (28 292 92.414040 ) 
4 11 14 (0 292 75.070007 ) (0 292 32 ) (28 292 32 ) (28 292 67.567421 ) 
4 11 13 (28 292 128 ) (0 292 128 ) (0 292 99.916611 ) (28 292 92.414040 ) 
4 12 15 (224 136 32 ) (224 88 32 ) (224 88 39.896034 ) (224 136 39.896034 ) 
4 12 13 (224 88 39.896034 ) (224 88 140 ) (224 136 140 ) (224 136 39.896034 ) 
4 13 21 (224 0 160 ) (0 0 160 ) (0 0 99.916611 ) (224 0 39.896034 ) 
4 13 19 (0 0 99.916611 ) (0 0 160 ) (0 292 160 ) (0 292 99.916611 ) 
4 13 18 (45 291 87.859550 ) (45 0 87.859558 ) (29.545383 0 92 ) (29.545380 291 92 ) 
4 13 17 (29.545380 292 92 ) (45 292 87.859550 ) (45 291 87.859550 ) (29.545380 291 92 ) 
4 13 16 (0 0 99.917366 ) (0 292 99.917366 ) (29.545380 292 92 ) (29.545383 0 92 ) 
4 13 15 (45 292 87.859550 ) (224 292 39.896484 ) (224 0 39.896484 ) (45 0 87.859558 ) 
3 14 21 (0 0 75.070007 ) (0 0 32 ) (160.739288 0 32 ) 
4 14 19 (0 0 32 ) (0 0 75.070007 ) (0 292 75.070007 ) (0 292 32 ) 
4 14 18 (23.333408 291 68.817459 ) (23.333408 0 68.817459 ) (38.788208 0 64.676353 ) (38.788200 291 64.676353 ) 
4 14 17 (38.788200 292 64.676353 ) (23.333408 292 68.817459 ) (23.333408 291 68.817459 ) (38.788200 291 64.676353 ) 
4 14 16 (23.333408 292 68.817459 ) (0 292 75.069633 ) (0 0 75.069633 ) (23.333408 0 68.817459 ) 
4 14 15 (160.737854 0 32 ) (160.737854 292 32 ) (38.788200 292 64.676353 ) (38.788208 0 64.676353 ) 
5 15 21 (38.788303 0 64.676704 ) (160.739288 0 32 ) (224 0 32 ) (224 0 39.896034 ) (45 0 87.858902 ) 
4 15 18 (38.790035 291 64.677727 ) (38.790039 0 64.677734 ) (45 0 87.858902 ) (45 291 87.858902 ) 
4 15 17 (38.790035 292 64.677727 ) (38.790035 291 64.677727 ) (45 291 87.858902 ) (45 292 87.858902 ) 
4 16 21 (0 0 99.916611 ) (0 0 75.070007 ) (23.333502 0 68.817810 ) (29.545204 0 92 ) 
4 16 19 (0 0 75.070007 ) (0 0 99.916611 ) (0 292 99.916611 ) (0 292 75.070007 ) 
4 16 18 (23.334961 0 68.818359 ) (23.334965 291 68.818367 ) (29.545889 291 92 ) (29.545885 0 92 ) 
4 16 17 (23.334965 291 68.818367 ) (23.334965 292 68.818367 ) (29.545889 292 92 ) (29.545889 291 92 ) 
4 17 18 (29.544922 291 92.003906 ) (23.333984 291 68.820313 ) (38.789063 291 64.679688 ) (45 291 87.858917 ) 
4 18 21 (23.333502 0 68.817810 ) (38.788303 0 64.676704 ) (45 0 87.858902 ) (29.545204 0 92 ) 
4 19 22 (0 0 32 ) (0 0 160 ) (-96 0 160 ) (-96 0 32 ) 
4 21 22 (0 0 160 ) (0 0 32 ) (0 -39.500000 32 ) (0 -39.500000 160 ) 
